# Logfile created on 2017-02-20 11:13:47 +0800 by logger.rb/44203
  INFO ---------------------------------------------------------------------------
  INFO START 2017-02-20 11:13:47 +0800 cap production deploy
  INFO ---------------------------------------------------------------------------
  INFO [7a9ad981] Running /usr/bin/env mkdir -p /tmp/vr/ as soar@api.dreamreality.cn
 DEBUG [7a9ad981] Command: /usr/bin/env mkdir -p /tmp/vr/
  INFO [7a9ad981] Finished in 0.504 seconds with exit status 0 (successful).
 DEBUG Uploading /tmp/vr/git-ssh.sh 0.0%
  INFO Uploading /tmp/vr/git-ssh.sh 100.0%
  INFO [949b90a5] Running /usr/bin/env chmod +rx /tmp/vr/git-ssh.sh as soar@api.dreamreality.cn
 DEBUG [949b90a5] Command: /usr/bin/env chmod +rx /tmp/vr/git-ssh.sh
  INFO [949b90a5] Finished in 0.053 seconds with exit status 0 (successful).
  INFO [5082163a] Running /usr/bin/env git ls-remote --heads git@github.com:soarpatriot/vr.git as soar@api.dreamreality.cn
 DEBUG [5082163a] Command: ( export GIT_ASKPASS="/bin/echo" GIT_SSH="/tmp/vr/git-ssh.sh" ; /usr/bin/env git ls-remote --heads git@github.com:soarpatriot/vr.git )
 DEBUG [5082163a] 	a11f977abf57970a5d1de9d87daf3566fd9766e9	refs/heads/master
  INFO [5082163a] Finished in 6.316 seconds with exit status 0 (successful).
  INFO [9c14c1c0] Running /usr/bin/env mkdir -p /data/www/vr/shared /data/www/vr/releases as soar@api.dreamreality.cn
 DEBUG [9c14c1c0] Command: /usr/bin/env mkdir -p /data/www/vr/shared /data/www/vr/releases
  INFO [9c14c1c0] Finished in 0.051 seconds with exit status 0 (successful).
  INFO [afbf98ea] Running /usr/bin/env mkdir -p /data/www/vr/shared/deps /data/www/vr/shared/node_modules /data/www/vr/shared/rel /data/www/vr/shared/_build /data/www/vr/shared/priv/static /data/www/vr/shared/log as soar@api.dreamreality.cn
 DEBUG [afbf98ea] Command: /usr/bin/env mkdir -p /data/www/vr/shared/deps /data/www/vr/shared/node_modules /data/www/vr/shared/rel /data/www/vr/shared/_build /data/www/vr/shared/priv/static /data/www/vr/shared/log
  INFO [afbf98ea] Finished in 0.044 seconds with exit status 0 (successful).
  INFO [fd12648a] Running /usr/bin/env mkdir -p /data/www/vr/shared/config as soar@api.dreamreality.cn
 DEBUG [fd12648a] Command: /usr/bin/env mkdir -p /data/www/vr/shared/config
  INFO [fd12648a] Finished in 0.045 seconds with exit status 0 (successful).
 DEBUG [179720fe] Running [ -f /data/www/vr/shared/config/prod.secret.exs ] as soar@api.dreamreality.cn
 DEBUG [179720fe] Command: [ -f /data/www/vr/shared/config/prod.secret.exs ]
 DEBUG [179720fe] Finished in 0.053 seconds with exit status 1 (failed).
 ERROR linked file /data/www/vr/shared/config/prod.secret.exs does not exist on api.dreamreality.cn
  INFO ---------------------------------------------------------------------------
  INFO START 2017-02-20 11:27:09 +0800 cap production deploy
  INFO ---------------------------------------------------------------------------
  INFO [e7760368] Running /usr/bin/env mkdir -p /tmp/vr/ as soar@api.dreamreality.cn
 DEBUG [e7760368] Command: /usr/bin/env mkdir -p /tmp/vr/
  INFO [e7760368] Finished in 0.318 seconds with exit status 0 (successful).
 DEBUG Uploading /tmp/vr/git-ssh.sh 0.0%
  INFO Uploading /tmp/vr/git-ssh.sh 100.0%
  INFO [4de07728] Running /usr/bin/env chmod +rx /tmp/vr/git-ssh.sh as soar@api.dreamreality.cn
 DEBUG [4de07728] Command: /usr/bin/env chmod +rx /tmp/vr/git-ssh.sh
  INFO [4de07728] Finished in 0.047 seconds with exit status 0 (successful).
  INFO [93930b7e] Running /usr/bin/env git ls-remote --heads git@github.com:soarpatriot/vr.git as soar@api.dreamreality.cn
 DEBUG [93930b7e] Command: ( export GIT_ASKPASS="/bin/echo" GIT_SSH="/tmp/vr/git-ssh.sh" ; /usr/bin/env git ls-remote --heads git@github.com:soarpatriot/vr.git )
 DEBUG [93930b7e] 	a11f977abf57970a5d1de9d87daf3566fd9766e9	refs/heads/master
  INFO [93930b7e] Finished in 4.154 seconds with exit status 0 (successful).
  INFO [29273dd3] Running /usr/bin/env mkdir -p /data/www/vr/shared /data/www/vr/releases as soar@api.dreamreality.cn
 DEBUG [29273dd3] Command: /usr/bin/env mkdir -p /data/www/vr/shared /data/www/vr/releases
  INFO [29273dd3] Finished in 0.053 seconds with exit status 0 (successful).
  INFO [9002caf2] Running /usr/bin/env mkdir -p /data/www/vr/shared/deps /data/www/vr/shared/node_modules /data/www/vr/shared/rel /data/www/vr/shared/_build /data/www/vr/shared/priv/static /data/www/vr/shared/log as soar@api.dreamreality.cn
 DEBUG [9002caf2] Command: /usr/bin/env mkdir -p /data/www/vr/shared/deps /data/www/vr/shared/node_modules /data/www/vr/shared/rel /data/www/vr/shared/_build /data/www/vr/shared/priv/static /data/www/vr/shared/log
  INFO [9002caf2] Finished in 0.053 seconds with exit status 0 (successful).
  INFO [bfce28ed] Running /usr/bin/env mkdir -p /data/www/vr/shared/config as soar@api.dreamreality.cn
 DEBUG [bfce28ed] Command: /usr/bin/env mkdir -p /data/www/vr/shared/config
  INFO [bfce28ed] Finished in 0.064 seconds with exit status 0 (successful).
 DEBUG [af3191a6] Running [ -f /data/www/vr/shared/config/prod.secret.exs ] as soar@api.dreamreality.cn
 DEBUG [af3191a6] Command: [ -f /data/www/vr/shared/config/prod.secret.exs ]
 DEBUG [af3191a6] Finished in 0.073 seconds with exit status 0 (successful).
 DEBUG [ac6fef97] Running [ -f /data/www/vr/shared/config/prod.exs ] as soar@api.dreamreality.cn
 DEBUG [ac6fef97] Command: [ -f /data/www/vr/shared/config/prod.exs ]
 DEBUG [ac6fef97] Finished in 0.061 seconds with exit status 0 (successful).
 DEBUG [d7c45dbd] Running [ -f /data/www/vr/current/REVISION ] as soar@api.dreamreality.cn
 DEBUG [d7c45dbd] Command: [ -f /data/www/vr/current/REVISION ]
 DEBUG [d7c45dbd] Finished in 0.055 seconds with exit status 1 (failed).
 DEBUG [a29046f3] Running [ -f /data/www/vr/repo/HEAD ] as soar@api.dreamreality.cn
 DEBUG [a29046f3] Command: [ -f /data/www/vr/repo/HEAD ]
 DEBUG [a29046f3] Finished in 0.050 seconds with exit status 1 (failed).
 DEBUG [8ce78bf8] Running if test ! -d /data/www/vr; then echo "Directory does not exist '/data/www/vr'" 1>&2; false; fi as soar@api.dreamreality.cn
 DEBUG [8ce78bf8] Command: if test ! -d /data/www/vr; then echo "Directory does not exist '/data/www/vr'" 1>&2; false; fi
 DEBUG [8ce78bf8] Finished in 0.051 seconds with exit status 0 (successful).
  INFO [0f6601be] Running /usr/bin/env git clone --mirror git@github.com:soarpatriot/vr.git /data/www/vr/repo as soar@api.dreamreality.cn
 DEBUG [0f6601be] Command: cd /data/www/vr && ( export GIT_ASKPASS="/bin/echo" GIT_SSH="/tmp/vr/git-ssh.sh" ; /usr/bin/env git clone --mirror git@github.com:soarpatriot/vr.git /data/www/vr/repo )
 DEBUG [0f6601be] 	Cloning into bare repository '/data/www/vr/repo'...
  INFO [0f6601be] Finished in 8.925 seconds with exit status 0 (successful).
 DEBUG [a8ce89ad] Running if test ! -d /data/www/vr/repo; then echo "Directory does not exist '/data/www/vr/repo'" 1>&2; false; fi as soar@api.dreamreality.cn
 DEBUG [a8ce89ad] Command: if test ! -d /data/www/vr/repo; then echo "Directory does not exist '/data/www/vr/repo'" 1>&2; false; fi
 DEBUG [a8ce89ad] Finished in 0.058 seconds with exit status 0 (successful).
  INFO [57f1e73f] Running /usr/bin/env git remote update --prune as soar@api.dreamreality.cn
 DEBUG [57f1e73f] Command: cd /data/www/vr/repo && ( export GIT_ASKPASS="/bin/echo" GIT_SSH="/tmp/vr/git-ssh.sh" ; /usr/bin/env git remote update --prune )
 DEBUG [57f1e73f] 	Fetching origin
  INFO [57f1e73f] Finished in 5.347 seconds with exit status 0 (successful).
 DEBUG [cb12b456] Running if test ! -d /data/www/vr/repo; then echo "Directory does not exist '/data/www/vr/repo'" 1>&2; false; fi as soar@api.dreamreality.cn
 DEBUG [cb12b456] Command: if test ! -d /data/www/vr/repo; then echo "Directory does not exist '/data/www/vr/repo'" 1>&2; false; fi
 DEBUG [cb12b456] Finished in 0.055 seconds with exit status 0 (successful).
  INFO [05ba548d] Running /usr/bin/env mkdir -p /data/www/vr/releases/20170220032714 as soar@api.dreamreality.cn
 DEBUG [05ba548d] Command: cd /data/www/vr/repo && ( export GIT_ASKPASS="/bin/echo" GIT_SSH="/tmp/vr/git-ssh.sh" ; /usr/bin/env mkdir -p /data/www/vr/releases/20170220032714 )
  INFO [05ba548d] Finished in 0.132 seconds with exit status 0 (successful).
  INFO [4ce5ac81] Running /usr/bin/env git archive master | tar -x -f - -C /data/www/vr/releases/20170220032714 as soar@api.dreamreality.cn
 DEBUG [4ce5ac81] Command: cd /data/www/vr/repo && ( export GIT_ASKPASS="/bin/echo" GIT_SSH="/tmp/vr/git-ssh.sh" ; /usr/bin/env git archive master | tar -x -f - -C /data/www/vr/releases/20170220032714 )
  INFO [4ce5ac81] Finished in 0.075 seconds with exit status 0 (successful).
 DEBUG [8b004baa] Running if test ! -d /data/www/vr/repo; then echo "Directory does not exist '/data/www/vr/repo'" 1>&2; false; fi as soar@api.dreamreality.cn
 DEBUG [8b004baa] Command: if test ! -d /data/www/vr/repo; then echo "Directory does not exist '/data/www/vr/repo'" 1>&2; false; fi
 DEBUG [8b004baa] Finished in 0.052 seconds with exit status 0 (successful).
 DEBUG [3c8e3862] Running /usr/bin/env git rev-list --max-count=1 master as soar@api.dreamreality.cn
 DEBUG [3c8e3862] Command: cd /data/www/vr/repo && ( export GIT_ASKPASS="/bin/echo" GIT_SSH="/tmp/vr/git-ssh.sh" ; /usr/bin/env git rev-list --max-count=1 master )
 DEBUG [3c8e3862] 	a11f977abf57970a5d1de9d87daf3566fd9766e9
 DEBUG [3c8e3862] Finished in 0.062 seconds with exit status 0 (successful).
 DEBUG [8cdf2327] Running if test ! -d /data/www/vr/releases/20170220032714; then echo "Directory does not exist '/data/www/vr/releases/20170220032714'" 1>&2; false; fi as soar@api.dreamreality.cn
 DEBUG [8cdf2327] Command: if test ! -d /data/www/vr/releases/20170220032714; then echo "Directory does not exist '/data/www/vr/releases/20170220032714'" 1>&2; false; fi
 DEBUG [8cdf2327] Finished in 0.065 seconds with exit status 0 (successful).
  INFO [6fae32b7] Running /usr/bin/env echo "a11f977abf57970a5d1de9d87daf3566fd9766e9" >> REVISION as soar@api.dreamreality.cn
 DEBUG [6fae32b7] Command: cd /data/www/vr/releases/20170220032714 && /usr/bin/env echo "a11f977abf57970a5d1de9d87daf3566fd9766e9" >> REVISION
  INFO [6fae32b7] Finished in 0.059 seconds with exit status 0 (successful).
  INFO [ae1a0a9b] Running /usr/bin/env mkdir -p /data/www/vr/releases/20170220032714/config as soar@api.dreamreality.cn
 DEBUG [ae1a0a9b] Command: /usr/bin/env mkdir -p /data/www/vr/releases/20170220032714/config
  INFO [ae1a0a9b] Finished in 0.050 seconds with exit status 0 (successful).
 DEBUG [35d6aa73] Running [ -L /data/www/vr/releases/20170220032714/config/prod.secret.exs ] as soar@api.dreamreality.cn
 DEBUG [35d6aa73] Command: [ -L /data/www/vr/releases/20170220032714/config/prod.secret.exs ]
 DEBUG [35d6aa73] Finished in 0.048 seconds with exit status 1 (failed).
 DEBUG [67c1b144] Running [ -f /data/www/vr/releases/20170220032714/config/prod.secret.exs ] as soar@api.dreamreality.cn
 DEBUG [67c1b144] Command: [ -f /data/www/vr/releases/20170220032714/config/prod.secret.exs ]
 DEBUG [67c1b144] Finished in 0.048 seconds with exit status 1 (failed).
  INFO [d2cc2d46] Running /usr/bin/env ln -s /data/www/vr/shared/config/prod.secret.exs /data/www/vr/releases/20170220032714/config/prod.secret.exs as soar@api.dreamreality.cn
 DEBUG [d2cc2d46] Command: /usr/bin/env ln -s /data/www/vr/shared/config/prod.secret.exs /data/www/vr/releases/20170220032714/config/prod.secret.exs
  INFO [d2cc2d46] Finished in 0.072 seconds with exit status 0 (successful).
 DEBUG [b049c52e] Running [ -L /data/www/vr/releases/20170220032714/config/prod.exs ] as soar@api.dreamreality.cn
 DEBUG [b049c52e] Command: [ -L /data/www/vr/releases/20170220032714/config/prod.exs ]
 DEBUG [b049c52e] Finished in 0.047 seconds with exit status 1 (failed).
 DEBUG [fccbfe61] Running [ -f /data/www/vr/releases/20170220032714/config/prod.exs ] as soar@api.dreamreality.cn
 DEBUG [fccbfe61] Command: [ -f /data/www/vr/releases/20170220032714/config/prod.exs ]
 DEBUG [fccbfe61] Finished in 0.049 seconds with exit status 0 (successful).
  INFO [f7838994] Running /usr/bin/env rm /data/www/vr/releases/20170220032714/config/prod.exs as soar@api.dreamreality.cn
 DEBUG [f7838994] Command: /usr/bin/env rm /data/www/vr/releases/20170220032714/config/prod.exs
  INFO [f7838994] Finished in 0.051 seconds with exit status 0 (successful).
  INFO [619b9523] Running /usr/bin/env ln -s /data/www/vr/shared/config/prod.exs /data/www/vr/releases/20170220032714/config/prod.exs as soar@api.dreamreality.cn
 DEBUG [619b9523] Command: /usr/bin/env ln -s /data/www/vr/shared/config/prod.exs /data/www/vr/releases/20170220032714/config/prod.exs
  INFO [619b9523] Finished in 0.049 seconds with exit status 0 (successful).
  INFO [cbeb8e80] Running /usr/bin/env mkdir -p /data/www/vr/releases/20170220032714 /data/www/vr/releases/20170220032714/priv as soar@api.dreamreality.cn
 DEBUG [cbeb8e80] Command: /usr/bin/env mkdir -p /data/www/vr/releases/20170220032714 /data/www/vr/releases/20170220032714/priv
  INFO [cbeb8e80] Finished in 0.057 seconds with exit status 0 (successful).
 DEBUG [0ef7eead] Running [ -L /data/www/vr/releases/20170220032714/deps ] as soar@api.dreamreality.cn
 DEBUG [0ef7eead] Command: [ -L /data/www/vr/releases/20170220032714/deps ]
 DEBUG [0ef7eead] Finished in 0.048 seconds with exit status 1 (failed).
 DEBUG [6395d7ff] Running [ -d /data/www/vr/releases/20170220032714/deps ] as soar@api.dreamreality.cn
 DEBUG [6395d7ff] Command: [ -d /data/www/vr/releases/20170220032714/deps ]
 DEBUG [6395d7ff] Finished in 0.049 seconds with exit status 1 (failed).
  INFO [41317075] Running /usr/bin/env ln -s /data/www/vr/shared/deps /data/www/vr/releases/20170220032714/deps as soar@api.dreamreality.cn
 DEBUG [41317075] Command: /usr/bin/env ln -s /data/www/vr/shared/deps /data/www/vr/releases/20170220032714/deps
  INFO [41317075] Finished in 0.049 seconds with exit status 0 (successful).
 DEBUG [9687d058] Running [ -L /data/www/vr/releases/20170220032714/node_modules ] as soar@api.dreamreality.cn
 DEBUG [9687d058] Command: [ -L /data/www/vr/releases/20170220032714/node_modules ]
 DEBUG [9687d058] Finished in 0.047 seconds with exit status 1 (failed).
 DEBUG [db6c9148] Running [ -d /data/www/vr/releases/20170220032714/node_modules ] as soar@api.dreamreality.cn
 DEBUG [db6c9148] Command: [ -d /data/www/vr/releases/20170220032714/node_modules ]
 DEBUG [db6c9148] Finished in 0.049 seconds with exit status 1 (failed).
  INFO [61039da2] Running /usr/bin/env ln -s /data/www/vr/shared/node_modules /data/www/vr/releases/20170220032714/node_modules as soar@api.dreamreality.cn
 DEBUG [61039da2] Command: /usr/bin/env ln -s /data/www/vr/shared/node_modules /data/www/vr/releases/20170220032714/node_modules
  INFO [61039da2] Finished in 0.048 seconds with exit status 0 (successful).
 DEBUG [8839741e] Running [ -L /data/www/vr/releases/20170220032714/rel ] as soar@api.dreamreality.cn
 DEBUG [8839741e] Command: [ -L /data/www/vr/releases/20170220032714/rel ]
 DEBUG [8839741e] Finished in 0.052 seconds with exit status 1 (failed).
 DEBUG [213b7302] Running [ -d /data/www/vr/releases/20170220032714/rel ] as soar@api.dreamreality.cn
 DEBUG [213b7302] Command: [ -d /data/www/vr/releases/20170220032714/rel ]
 DEBUG [213b7302] Finished in 0.051 seconds with exit status 1 (failed).
  INFO [2c5a5c7f] Running /usr/bin/env ln -s /data/www/vr/shared/rel /data/www/vr/releases/20170220032714/rel as soar@api.dreamreality.cn
 DEBUG [2c5a5c7f] Command: /usr/bin/env ln -s /data/www/vr/shared/rel /data/www/vr/releases/20170220032714/rel
  INFO [2c5a5c7f] Finished in 0.052 seconds with exit status 0 (successful).
 DEBUG [c48f38db] Running [ -L /data/www/vr/releases/20170220032714/_build ] as soar@api.dreamreality.cn
 DEBUG [c48f38db] Command: [ -L /data/www/vr/releases/20170220032714/_build ]
 DEBUG [c48f38db] Finished in 0.051 seconds with exit status 1 (failed).
 DEBUG [9bd9a88a] Running [ -d /data/www/vr/releases/20170220032714/_build ] as soar@api.dreamreality.cn
 DEBUG [9bd9a88a] Command: [ -d /data/www/vr/releases/20170220032714/_build ]
 DEBUG [9bd9a88a] Finished in 0.050 seconds with exit status 1 (failed).
  INFO [3cd95261] Running /usr/bin/env ln -s /data/www/vr/shared/_build /data/www/vr/releases/20170220032714/_build as soar@api.dreamreality.cn
 DEBUG [3cd95261] Command: /usr/bin/env ln -s /data/www/vr/shared/_build /data/www/vr/releases/20170220032714/_build
  INFO [3cd95261] Finished in 0.089 seconds with exit status 0 (successful).
 DEBUG [a075b76e] Running [ -L /data/www/vr/releases/20170220032714/priv/static ] as soar@api.dreamreality.cn
 DEBUG [a075b76e] Command: [ -L /data/www/vr/releases/20170220032714/priv/static ]
 DEBUG [a075b76e] Finished in 0.048 seconds with exit status 1 (failed).
 DEBUG [a22c99bc] Running [ -d /data/www/vr/releases/20170220032714/priv/static ] as soar@api.dreamreality.cn
 DEBUG [a22c99bc] Command: [ -d /data/www/vr/releases/20170220032714/priv/static ]
 DEBUG [a22c99bc] Finished in 0.050 seconds with exit status 0 (successful).
  INFO [77c07f56] Running /usr/bin/env rm -rf /data/www/vr/releases/20170220032714/priv/static as soar@api.dreamreality.cn
 DEBUG [77c07f56] Command: /usr/bin/env rm -rf /data/www/vr/releases/20170220032714/priv/static
  INFO [77c07f56] Finished in 0.088 seconds with exit status 0 (successful).
  INFO [b33e9ea9] Running /usr/bin/env ln -s /data/www/vr/shared/priv/static /data/www/vr/releases/20170220032714/priv/static as soar@api.dreamreality.cn
 DEBUG [b33e9ea9] Command: /usr/bin/env ln -s /data/www/vr/shared/priv/static /data/www/vr/releases/20170220032714/priv/static
  INFO [b33e9ea9] Finished in 0.050 seconds with exit status 0 (successful).
 DEBUG [16c06fdf] Running [ -L /data/www/vr/releases/20170220032714/log ] as soar@api.dreamreality.cn
 DEBUG [16c06fdf] Command: [ -L /data/www/vr/releases/20170220032714/log ]
 DEBUG [16c06fdf] Finished in 0.065 seconds with exit status 1 (failed).
 DEBUG [7f13632a] Running [ -d /data/www/vr/releases/20170220032714/log ] as soar@api.dreamreality.cn
 DEBUG [7f13632a] Command: [ -d /data/www/vr/releases/20170220032714/log ]
 DEBUG [7f13632a] Finished in 0.050 seconds with exit status 1 (failed).
  INFO [f9591fbc] Running /usr/bin/env ln -s /data/www/vr/shared/log /data/www/vr/releases/20170220032714/log as soar@api.dreamreality.cn
 DEBUG [f9591fbc] Command: /usr/bin/env ln -s /data/www/vr/shared/log /data/www/vr/releases/20170220032714/log
  INFO [f9591fbc] Finished in 0.061 seconds with exit status 0 (successful).
  INFO [002fbc8a] Running /usr/bin/env ln -s /data/www/vr/releases/20170220032714 /data/www/vr/releases/current as soar@api.dreamreality.cn
 DEBUG [002fbc8a] Command: /usr/bin/env ln -s /data/www/vr/releases/20170220032714 /data/www/vr/releases/current
  INFO [002fbc8a] Finished in 0.072 seconds with exit status 0 (successful).
  INFO [0eea4491] Running /usr/bin/env mv /data/www/vr/releases/current /data/www/vr as soar@api.dreamreality.cn
 DEBUG [0eea4491] Command: /usr/bin/env mv /data/www/vr/releases/current /data/www/vr
  INFO [0eea4491] Finished in 0.063 seconds with exit status 0 (successful).
 DEBUG [aa639903] Running if test ! -d /data/www/vr/releases/20170220032714; then echo "Directory does not exist '/data/www/vr/releases/20170220032714'" 1>&2; false; fi as soar@api.dreamreality.cn
 DEBUG [aa639903] Command: if test ! -d /data/www/vr/releases/20170220032714; then echo "Directory does not exist '/data/www/vr/releases/20170220032714'" 1>&2; false; fi
 DEBUG [aa639903] Finished in 0.063 seconds with exit status 0 (successful).
  INFO [4b123eb5] Running /usr/bin/env mix deps.get && MIX_ENV=prod mix ecto.migrate && MIX_ENV=prod mix compile  && MIX_ENV=prod mix release as soar@api.dreamreality.cn
 DEBUG [4b123eb5] Command: cd /data/www/vr/releases/20170220032714 && /usr/bin/env mix deps.get && MIX_ENV=prod mix ecto.migrate && MIX_ENV=prod mix compile  && MIX_ENV=prod mix release
 DEBUG [4b123eb5] 	warning: the VM is running with native name encoding of latin1 which may cause Elixir to malfunction as it expects utf8. Please ensure your locale is set to UTF-8 (which can be verified by running "locale" in your shell)
 DEBUG [4b123eb5] 	** (Mix) Unknown package version comeonin 3.0.1 in lockfile
  INFO ---------------------------------------------------------------------------
  INFO START 2017-02-20 11:31:55 +0800 cap production deploy
  INFO ---------------------------------------------------------------------------
  INFO [199b674c] Running /usr/bin/env mkdir -p /tmp/vr/ as soar@api.dreamreality.cn
 DEBUG [199b674c] Command: /usr/bin/env mkdir -p /tmp/vr/
  INFO [199b674c] Finished in 0.337 seconds with exit status 0 (successful).
 DEBUG Uploading /tmp/vr/git-ssh.sh 0.0%
  INFO Uploading /tmp/vr/git-ssh.sh 100.0%
  INFO [d9d78c30] Running /usr/bin/env chmod +rx /tmp/vr/git-ssh.sh as soar@api.dreamreality.cn
 DEBUG [d9d78c30] Command: /usr/bin/env chmod +rx /tmp/vr/git-ssh.sh
  INFO [d9d78c30] Finished in 0.048 seconds with exit status 0 (successful).
  INFO [aece1fa9] Running /usr/bin/env git ls-remote --heads git@github.com:soarpatriot/vr.git as soar@api.dreamreality.cn
 DEBUG [aece1fa9] Command: ( export GIT_ASKPASS="/bin/echo" GIT_SSH="/tmp/vr/git-ssh.sh" ; /usr/bin/env git ls-remote --heads git@github.com:soarpatriot/vr.git )
 DEBUG [aece1fa9] 	a11f977abf57970a5d1de9d87daf3566fd9766e9	refs/heads/master
  INFO [aece1fa9] Finished in 4.901 seconds with exit status 0 (successful).
  INFO [0b4781f6] Running /usr/bin/env mkdir -p /data/www/vr/shared /data/www/vr/releases as soar@api.dreamreality.cn
 DEBUG [0b4781f6] Command: /usr/bin/env mkdir -p /data/www/vr/shared /data/www/vr/releases
  INFO [0b4781f6] Finished in 0.047 seconds with exit status 0 (successful).
  INFO [70fac7c6] Running /usr/bin/env mkdir -p /data/www/vr/shared/deps /data/www/vr/shared/node_modules /data/www/vr/shared/rel /data/www/vr/shared/_build /data/www/vr/shared/priv/static /data/www/vr/shared/log as soar@api.dreamreality.cn
 DEBUG [70fac7c6] Command: /usr/bin/env mkdir -p /data/www/vr/shared/deps /data/www/vr/shared/node_modules /data/www/vr/shared/rel /data/www/vr/shared/_build /data/www/vr/shared/priv/static /data/www/vr/shared/log
  INFO [70fac7c6] Finished in 0.062 seconds with exit status 0 (successful).
  INFO [805f13b6] Running /usr/bin/env mkdir -p /data/www/vr/shared/config as soar@api.dreamreality.cn
 DEBUG [805f13b6] Command: /usr/bin/env mkdir -p /data/www/vr/shared/config
  INFO [805f13b6] Finished in 0.045 seconds with exit status 0 (successful).
 DEBUG [1e130fd2] Running [ -f /data/www/vr/shared/config/prod.secret.exs ] as soar@api.dreamreality.cn
 DEBUG [1e130fd2] Command: [ -f /data/www/vr/shared/config/prod.secret.exs ]
 DEBUG [1e130fd2] Finished in 0.043 seconds with exit status 0 (successful).
 DEBUG [78f74d3d] Running [ -f /data/www/vr/shared/config/prod.exs ] as soar@api.dreamreality.cn
 DEBUG [78f74d3d] Command: [ -f /data/www/vr/shared/config/prod.exs ]
 DEBUG [78f74d3d] Finished in 0.043 seconds with exit status 0 (successful).
 DEBUG [de1bd3c4] Running [ -f /data/www/vr/current/REVISION ] as soar@api.dreamreality.cn
 DEBUG [de1bd3c4] Command: [ -f /data/www/vr/current/REVISION ]
 DEBUG [de1bd3c4] Finished in 0.044 seconds with exit status 0 (successful).
 DEBUG [3c4fef3e] Running /usr/bin/env cat /data/www/vr/current/REVISION 2>/dev/null as soar@api.dreamreality.cn
 DEBUG [3c4fef3e] Command: /usr/bin/env cat /data/www/vr/current/REVISION 2>/dev/null
 DEBUG [3c4fef3e] 	a11f977abf57970a5d1de9d87daf3566fd9766e9
 DEBUG [3c4fef3e] Finished in 0.047 seconds with exit status 0 (successful).
 DEBUG [99de34a1] Running [ -f /data/www/vr/repo/HEAD ] as soar@api.dreamreality.cn
 DEBUG [99de34a1] Command: [ -f /data/www/vr/repo/HEAD ]
 DEBUG [99de34a1] Finished in 0.066 seconds with exit status 0 (successful).
  INFO The repository mirror is at /data/www/vr/repo
 DEBUG [63da601b] Running if test ! -d /data/www/vr/repo; then echo "Directory does not exist '/data/www/vr/repo'" 1>&2; false; fi as soar@api.dreamreality.cn
 DEBUG [63da601b] Command: if test ! -d /data/www/vr/repo; then echo "Directory does not exist '/data/www/vr/repo'" 1>&2; false; fi
 DEBUG [63da601b] Finished in 0.048 seconds with exit status 0 (successful).
  INFO [87f13eaa] Running /usr/bin/env git remote update --prune as soar@api.dreamreality.cn
 DEBUG [87f13eaa] Command: cd /data/www/vr/repo && ( export GIT_ASKPASS="/bin/echo" GIT_SSH="/tmp/vr/git-ssh.sh" ; /usr/bin/env git remote update --prune )
 DEBUG [87f13eaa] 	Fetching origin
  INFO [87f13eaa] Finished in 4.264 seconds with exit status 0 (successful).
 DEBUG [c7025ee1] Running if test ! -d /data/www/vr/repo; then echo "Directory does not exist '/data/www/vr/repo'" 1>&2; false; fi as soar@api.dreamreality.cn
 DEBUG [c7025ee1] Command: if test ! -d /data/www/vr/repo; then echo "Directory does not exist '/data/www/vr/repo'" 1>&2; false; fi
 DEBUG [c7025ee1] Finished in 0.060 seconds with exit status 0 (successful).
  INFO [b051bfa9] Running /usr/bin/env mkdir -p /data/www/vr/releases/20170220033201 as soar@api.dreamreality.cn
 DEBUG [b051bfa9] Command: cd /data/www/vr/repo && ( export GIT_ASKPASS="/bin/echo" GIT_SSH="/tmp/vr/git-ssh.sh" ; /usr/bin/env mkdir -p /data/www/vr/releases/20170220033201 )
  INFO [b051bfa9] Finished in 0.048 seconds with exit status 0 (successful).
  INFO [cd252ecb] Running /usr/bin/env git archive master | tar -x -f - -C /data/www/vr/releases/20170220033201 as soar@api.dreamreality.cn
 DEBUG [cd252ecb] Command: cd /data/www/vr/repo && ( export GIT_ASKPASS="/bin/echo" GIT_SSH="/tmp/vr/git-ssh.sh" ; /usr/bin/env git archive master | tar -x -f - -C /data/www/vr/releases/20170220033201 )
  INFO [cd252ecb] Finished in 0.055 seconds with exit status 0 (successful).
 DEBUG [1127770a] Running if test ! -d /data/www/vr/repo; then echo "Directory does not exist '/data/www/vr/repo'" 1>&2; false; fi as soar@api.dreamreality.cn
 DEBUG [1127770a] Command: if test ! -d /data/www/vr/repo; then echo "Directory does not exist '/data/www/vr/repo'" 1>&2; false; fi
 DEBUG [1127770a] Finished in 0.050 seconds with exit status 0 (successful).
 DEBUG [0594a9b1] Running /usr/bin/env git rev-list --max-count=1 master as soar@api.dreamreality.cn
 DEBUG [0594a9b1] Command: cd /data/www/vr/repo && ( export GIT_ASKPASS="/bin/echo" GIT_SSH="/tmp/vr/git-ssh.sh" ; /usr/bin/env git rev-list --max-count=1 master )
 DEBUG [0594a9b1] 	a11f977abf57970a5d1de9d87daf3566fd9766e9
 DEBUG [0594a9b1] Finished in 0.048 seconds with exit status 0 (successful).
 DEBUG [9c1f3f14] Running if test ! -d /data/www/vr/releases/20170220033201; then echo "Directory does not exist '/data/www/vr/releases/20170220033201'" 1>&2; false; fi as soar@api.dreamreality.cn
 DEBUG [9c1f3f14] Command: if test ! -d /data/www/vr/releases/20170220033201; then echo "Directory does not exist '/data/www/vr/releases/20170220033201'" 1>&2; false; fi
 DEBUG [9c1f3f14] Finished in 0.047 seconds with exit status 0 (successful).
  INFO [444551b1] Running /usr/bin/env echo "a11f977abf57970a5d1de9d87daf3566fd9766e9" >> REVISION as soar@api.dreamreality.cn
 DEBUG [444551b1] Command: cd /data/www/vr/releases/20170220033201 && /usr/bin/env echo "a11f977abf57970a5d1de9d87daf3566fd9766e9" >> REVISION
  INFO [444551b1] Finished in 0.057 seconds with exit status 0 (successful).
  INFO [eac2b1cb] Running /usr/bin/env mkdir -p /data/www/vr/releases/20170220033201/config as soar@api.dreamreality.cn
 DEBUG [eac2b1cb] Command: /usr/bin/env mkdir -p /data/www/vr/releases/20170220033201/config
  INFO [eac2b1cb] Finished in 0.053 seconds with exit status 0 (successful).
 DEBUG [c19acee3] Running [ -L /data/www/vr/releases/20170220033201/config/prod.secret.exs ] as soar@api.dreamreality.cn
 DEBUG [c19acee3] Command: [ -L /data/www/vr/releases/20170220033201/config/prod.secret.exs ]
 DEBUG [c19acee3] Finished in 0.052 seconds with exit status 1 (failed).
 DEBUG [43c595c3] Running [ -f /data/www/vr/releases/20170220033201/config/prod.secret.exs ] as soar@api.dreamreality.cn
 DEBUG [43c595c3] Command: [ -f /data/www/vr/releases/20170220033201/config/prod.secret.exs ]
 DEBUG [43c595c3] Finished in 0.064 seconds with exit status 1 (failed).
  INFO [0083b2a3] Running /usr/bin/env ln -s /data/www/vr/shared/config/prod.secret.exs /data/www/vr/releases/20170220033201/config/prod.secret.exs as soar@api.dreamreality.cn
 DEBUG [0083b2a3] Command: /usr/bin/env ln -s /data/www/vr/shared/config/prod.secret.exs /data/www/vr/releases/20170220033201/config/prod.secret.exs
  INFO [0083b2a3] Finished in 0.050 seconds with exit status 0 (successful).
 DEBUG [61cf0165] Running [ -L /data/www/vr/releases/20170220033201/config/prod.exs ] as soar@api.dreamreality.cn
 DEBUG [61cf0165] Command: [ -L /data/www/vr/releases/20170220033201/config/prod.exs ]
 DEBUG [61cf0165] Finished in 0.046 seconds with exit status 1 (failed).
 DEBUG [a1da9ff2] Running [ -f /data/www/vr/releases/20170220033201/config/prod.exs ] as soar@api.dreamreality.cn
 DEBUG [a1da9ff2] Command: [ -f /data/www/vr/releases/20170220033201/config/prod.exs ]
 DEBUG [a1da9ff2] Finished in 0.048 seconds with exit status 0 (successful).
  INFO [27cf0852] Running /usr/bin/env rm /data/www/vr/releases/20170220033201/config/prod.exs as soar@api.dreamreality.cn
 DEBUG [27cf0852] Command: /usr/bin/env rm /data/www/vr/releases/20170220033201/config/prod.exs
  INFO [27cf0852] Finished in 0.046 seconds with exit status 0 (successful).
  INFO [e77ee614] Running /usr/bin/env ln -s /data/www/vr/shared/config/prod.exs /data/www/vr/releases/20170220033201/config/prod.exs as soar@api.dreamreality.cn
 DEBUG [e77ee614] Command: /usr/bin/env ln -s /data/www/vr/shared/config/prod.exs /data/www/vr/releases/20170220033201/config/prod.exs
  INFO [e77ee614] Finished in 0.061 seconds with exit status 0 (successful).
  INFO [b97541f1] Running /usr/bin/env mkdir -p /data/www/vr/releases/20170220033201 /data/www/vr/releases/20170220033201/priv as soar@api.dreamreality.cn
 DEBUG [b97541f1] Command: /usr/bin/env mkdir -p /data/www/vr/releases/20170220033201 /data/www/vr/releases/20170220033201/priv
  INFO [b97541f1] Finished in 0.048 seconds with exit status 0 (successful).
 DEBUG [2639caab] Running [ -L /data/www/vr/releases/20170220033201/deps ] as soar@api.dreamreality.cn
 DEBUG [2639caab] Command: [ -L /data/www/vr/releases/20170220033201/deps ]
 DEBUG [2639caab] Finished in 0.183 seconds with exit status 1 (failed).
 DEBUG [97e75feb] Running [ -d /data/www/vr/releases/20170220033201/deps ] as soar@api.dreamreality.cn
 DEBUG [97e75feb] Command: [ -d /data/www/vr/releases/20170220033201/deps ]
 DEBUG [97e75feb] Finished in 0.084 seconds with exit status 1 (failed).
  INFO [5c17872b] Running /usr/bin/env ln -s /data/www/vr/shared/deps /data/www/vr/releases/20170220033201/deps as soar@api.dreamreality.cn
 DEBUG [5c17872b] Command: /usr/bin/env ln -s /data/www/vr/shared/deps /data/www/vr/releases/20170220033201/deps
  INFO [5c17872b] Finished in 0.047 seconds with exit status 0 (successful).
 DEBUG [e9225915] Running [ -L /data/www/vr/releases/20170220033201/node_modules ] as soar@api.dreamreality.cn
 DEBUG [e9225915] Command: [ -L /data/www/vr/releases/20170220033201/node_modules ]
 DEBUG [e9225915] Finished in 0.057 seconds with exit status 1 (failed).
 DEBUG [958ad932] Running [ -d /data/www/vr/releases/20170220033201/node_modules ] as soar@api.dreamreality.cn
 DEBUG [958ad932] Command: [ -d /data/www/vr/releases/20170220033201/node_modules ]
 DEBUG [958ad932] Finished in 0.043 seconds with exit status 1 (failed).
  INFO [7fdd9a94] Running /usr/bin/env ln -s /data/www/vr/shared/node_modules /data/www/vr/releases/20170220033201/node_modules as soar@api.dreamreality.cn
 DEBUG [7fdd9a94] Command: /usr/bin/env ln -s /data/www/vr/shared/node_modules /data/www/vr/releases/20170220033201/node_modules
  INFO [7fdd9a94] Finished in 0.046 seconds with exit status 0 (successful).
 DEBUG [e0aa7bc9] Running [ -L /data/www/vr/releases/20170220033201/rel ] as soar@api.dreamreality.cn
 DEBUG [e0aa7bc9] Command: [ -L /data/www/vr/releases/20170220033201/rel ]
 DEBUG [e0aa7bc9] Finished in 0.047 seconds with exit status 1 (failed).
 DEBUG [c6dff95b] Running [ -d /data/www/vr/releases/20170220033201/rel ] as soar@api.dreamreality.cn
 DEBUG [c6dff95b] Command: [ -d /data/www/vr/releases/20170220033201/rel ]
 DEBUG [c6dff95b] Finished in 0.063 seconds with exit status 1 (failed).
  INFO [82db4b96] Running /usr/bin/env ln -s /data/www/vr/shared/rel /data/www/vr/releases/20170220033201/rel as soar@api.dreamreality.cn
 DEBUG [82db4b96] Command: /usr/bin/env ln -s /data/www/vr/shared/rel /data/www/vr/releases/20170220033201/rel
  INFO [82db4b96] Finished in 0.050 seconds with exit status 0 (successful).
 DEBUG [906e54c4] Running [ -L /data/www/vr/releases/20170220033201/_build ] as soar@api.dreamreality.cn
 DEBUG [906e54c4] Command: [ -L /data/www/vr/releases/20170220033201/_build ]
 DEBUG [906e54c4] Finished in 0.065 seconds with exit status 1 (failed).
 DEBUG [ebaae056] Running [ -d /data/www/vr/releases/20170220033201/_build ] as soar@api.dreamreality.cn
 DEBUG [ebaae056] Command: [ -d /data/www/vr/releases/20170220033201/_build ]
 DEBUG [ebaae056] Finished in 0.044 seconds with exit status 1 (failed).
  INFO [5d2e574b] Running /usr/bin/env ln -s /data/www/vr/shared/_build /data/www/vr/releases/20170220033201/_build as soar@api.dreamreality.cn
 DEBUG [5d2e574b] Command: /usr/bin/env ln -s /data/www/vr/shared/_build /data/www/vr/releases/20170220033201/_build
  INFO [5d2e574b] Finished in 0.048 seconds with exit status 0 (successful).
 DEBUG [27b67970] Running [ -L /data/www/vr/releases/20170220033201/priv/static ] as soar@api.dreamreality.cn
 DEBUG [27b67970] Command: [ -L /data/www/vr/releases/20170220033201/priv/static ]
 DEBUG [27b67970] Finished in 0.069 seconds with exit status 1 (failed).
 DEBUG [00a65973] Running [ -d /data/www/vr/releases/20170220033201/priv/static ] as soar@api.dreamreality.cn
 DEBUG [00a65973] Command: [ -d /data/www/vr/releases/20170220033201/priv/static ]
 DEBUG [00a65973] Finished in 0.054 seconds with exit status 0 (successful).
  INFO [f77b69a8] Running /usr/bin/env rm -rf /data/www/vr/releases/20170220033201/priv/static as soar@api.dreamreality.cn
 DEBUG [f77b69a8] Command: /usr/bin/env rm -rf /data/www/vr/releases/20170220033201/priv/static
  INFO [f77b69a8] Finished in 0.050 seconds with exit status 0 (successful).
  INFO [189d0c80] Running /usr/bin/env ln -s /data/www/vr/shared/priv/static /data/www/vr/releases/20170220033201/priv/static as soar@api.dreamreality.cn
 DEBUG [189d0c80] Command: /usr/bin/env ln -s /data/www/vr/shared/priv/static /data/www/vr/releases/20170220033201/priv/static
  INFO [189d0c80] Finished in 0.048 seconds with exit status 0 (successful).
 DEBUG [dd9ea834] Running [ -L /data/www/vr/releases/20170220033201/log ] as soar@api.dreamreality.cn
 DEBUG [dd9ea834] Command: [ -L /data/www/vr/releases/20170220033201/log ]
 DEBUG [dd9ea834] Finished in 0.045 seconds with exit status 1 (failed).
 DEBUG [a200ceb6] Running [ -d /data/www/vr/releases/20170220033201/log ] as soar@api.dreamreality.cn
 DEBUG [a200ceb6] Command: [ -d /data/www/vr/releases/20170220033201/log ]
 DEBUG [a200ceb6] Finished in 0.130 seconds with exit status 1 (failed).
  INFO [065617ef] Running /usr/bin/env ln -s /data/www/vr/shared/log /data/www/vr/releases/20170220033201/log as soar@api.dreamreality.cn
 DEBUG [065617ef] Command: /usr/bin/env ln -s /data/www/vr/shared/log /data/www/vr/releases/20170220033201/log
  INFO [065617ef] Finished in 0.049 seconds with exit status 0 (successful).
  INFO [5acd0ae5] Running /usr/bin/env ln -s /data/www/vr/releases/20170220033201 /data/www/vr/releases/current as soar@api.dreamreality.cn
 DEBUG [5acd0ae5] Command: /usr/bin/env ln -s /data/www/vr/releases/20170220033201 /data/www/vr/releases/current
  INFO [5acd0ae5] Finished in 0.047 seconds with exit status 0 (successful).
  INFO [047b2d04] Running /usr/bin/env mv /data/www/vr/releases/current /data/www/vr as soar@api.dreamreality.cn
 DEBUG [047b2d04] Command: /usr/bin/env mv /data/www/vr/releases/current /data/www/vr
  INFO [047b2d04] Finished in 0.047 seconds with exit status 0 (successful).
 DEBUG [b914b901] Running if test ! -d /data/www/vr/releases/20170220033201; then echo "Directory does not exist '/data/www/vr/releases/20170220033201'" 1>&2; false; fi as soar@api.dreamreality.cn
 DEBUG [b914b901] Command: if test ! -d /data/www/vr/releases/20170220033201; then echo "Directory does not exist '/data/www/vr/releases/20170220033201'" 1>&2; false; fi
 DEBUG [b914b901] Finished in 0.047 seconds with exit status 0 (successful).
  INFO [df9ba046] Running /usr/bin/env mix deps.get && MIX_ENV=prod mix ecto.migrate && MIX_ENV=prod mix compile  && MIX_ENV=prod mix release as soar@api.dreamreality.cn
 DEBUG [df9ba046] Command: cd /data/www/vr/releases/20170220033201 && /usr/bin/env mix deps.get && MIX_ENV=prod mix ecto.migrate && MIX_ENV=prod mix compile  && MIX_ENV=prod mix release
 DEBUG [df9ba046] 	warning: the VM is running with native name encoding of latin1 which may cause Elixir to malfunction as it expects utf8. Please ensure your locale is set to UTF-8 (which can be verified by running "locale" in your shell)
 DEBUG [df9ba046] 	** (Mix) Unknown package version comeonin 3.0.1 in lockfile
